<?xml version="1.0" encoding="UTF-8"?>
<!-- Generated by org.testng.reporters.JUnitReportReporter -->
<testsuite hostname="Alberts-MBP.fios-router.home" name="automaion.test.Question3" tests="1" failures="0" timestamp="7 Aug 2018 02:36:08 GMT" time="8.951" errors="0">
  <testcase name="generateNumber" time="8.951" classname="automaion.test.Question3"/>
</testsuite> <!-- automaion.test.Question3 -->
