<?xml version="1.0" encoding="UTF-8"?>
<!-- Generated by org.testng.reporters.JUnitReportReporter -->
<testsuite hostname="Alberts-MBP.fios-router.home" name="automaion.test.GetDate" tests="1" failures="0" timestamp="5 Aug 2018 12:45:17 GMT" time="0.036" errors="0">
  <testcase name="main" time="0.036" classname="automaion.test.GetDate"/>
</testsuite> <!-- automaion.test.GetDate -->
