<?xml version="1.0" encoding="UTF-8"?>
<!-- Generated by org.testng.reporters.JUnitReportReporter -->
<testsuite hostname="Alberts-MBP.fios-router.home" name="automaion.test.Question1" tests="1" failures="0" timestamp="4 Aug 2018 03:19:16 GMT" time="0.014" errors="0">
  <testcase name="canReadFile" time="0.014" classname="automaion.test.Question1"/>
</testsuite> <!-- automaion.test.Question1 -->
