<?xml version="1.0" encoding="UTF-8"?>
<!-- Generated by org.testng.reporters.JUnitReportReporter -->
<testsuite hostname="Alberts-MBP.fios-router.home" name="automaion.test.StartChromeBrowser" tests="2" failures="0" timestamp="21 Jul 2018 16:00:35 GMT" time="0.006" errors="0">
  <testcase name="getURL" time="0.005" classname="automaion.test.StartChromeBrowser"/>
  <testcase name="backTop" time="0.001" classname="automaion.test.StartChromeBrowser"/>
</testsuite> <!-- automaion.test.StartChromeBrowser -->
