<?xml version="1.0" encoding="UTF-8"?>
<!-- Generated by org.testng.reporters.JUnitReportReporter -->
<testsuite hostname="Alberts-MBP.fios-router.home" name="automaion.test.CanUserSelectPackSize" tests="1" failures="0" timestamp="22 Jul 2018 11:53:56 GMT" time="5.167" errors="0">
  <testcase name="selectSize" time="5.167" classname="automaion.test.CanUserSelectPackSize"/>
</testsuite> <!-- automaion.test.CanUserSelectPackSize -->
